<?xml version="1.0" encoding="UTF-8"?>
<!-- Generated by org.testng.reporters.JUnitXMLReporter -->
<testsuite hostname="Maruf" name="Command line test" tests="3" failures="0" timestamp="6 Jun 2014 06:05:42 GMT" time="0.103" errors="0">
  <testcase name="test1" time="0.001" classname="com.mac.millan.TestNGAnnoPractice"/>
  <testcase name="test2" time="0.0" classname="com.mac.millan.TestNGAnnoPractice"/>
  <testcase name="test3" time="0.0" classname="com.mac.millan.TestNGAnnoPractice"/>
</testsuite> <!-- Command line test -->
