<?xml version="1.0" encoding="UTF-8"?>
<testng-results skipped="0" failed="0" total="3" passed="3">
  <reporter-output>
  </reporter-output>
  <suite name="com.mac.millan.TestNGAnnoPractice" duration-ms="103" started-at="2014-06-06T06:05:42Z" finished-at="2014-06-06T06:05:42Z">
    <groups>
    </groups>
    <test name="Command line test" duration-ms="103" started-at="2014-06-06T06:05:42Z" finished-at="2014-06-06T06:05:42Z">
      <class name="com.mac.millan.TestNGAnnoPractice">
        <test-method status="PASS" signature="beforeClass()[pri:0, instance:com.mac.millan.TestNGAnnoPractice@19cdbc83]" name="beforeClass" is-config="true" duration-ms="88" started-at="2014-06-06T02:05:42Z" finished-at="2014-06-06T02:05:42Z">
          <reporter-output>
          </reporter-output>
        </test-method> <!-- beforeClass -->
        <test-method status="PASS" signature="test1()[pri:0, instance:com.mac.millan.TestNGAnnoPractice@19cdbc83]" name="test1" duration-ms="1" started-at="2014-06-06T02:05:42Z" finished-at="2014-06-06T02:05:42Z">
          <reporter-output>
          </reporter-output>
        </test-method> <!-- test1 -->
        <test-method status="PASS" signature="afterMetod()[pri:0, instance:com.mac.millan.TestNGAnnoPractice@19cdbc83]" name="afterMetod" is-config="true" duration-ms="1" started-at="2014-06-06T02:05:42Z" finished-at="2014-06-06T02:05:42Z">
          <reporter-output>
          </reporter-output>
        </test-method> <!-- afterMetod -->
        <test-method status="PASS" signature="test2()[pri:0, instance:com.mac.millan.TestNGAnnoPractice@19cdbc83]" name="test2" duration-ms="0" started-at="2014-06-06T02:05:42Z" depends-on-methods="com.mac.millan.TestNGAnnoPractice.test1" finished-at="2014-06-06T02:05:42Z">
          <reporter-output>
          </reporter-output>
        </test-method> <!-- test2 -->
        <test-method status="PASS" signature="afterMetod()[pri:0, instance:com.mac.millan.TestNGAnnoPractice@19cdbc83]" name="afterMetod" is-config="true" duration-ms="0" started-at="2014-06-06T02:05:42Z" finished-at="2014-06-06T02:05:42Z">
          <reporter-output>
          </reporter-output>
        </test-method> <!-- afterMetod -->
        <test-method status="PASS" signature="test3()[pri:0, instance:com.mac.millan.TestNGAnnoPractice@19cdbc83]" name="test3" duration-ms="0" started-at="2014-06-06T02:05:42Z" depends-on-methods="com.mac.millan.TestNGAnnoPractice.test2" finished-at="2014-06-06T02:05:42Z">
          <reporter-output>
          </reporter-output>
        </test-method> <!-- test3 -->
        <test-method status="PASS" signature="afterMetod()[pri:0, instance:com.mac.millan.TestNGAnnoPractice@19cdbc83]" name="afterMetod" is-config="true" duration-ms="1" started-at="2014-06-06T02:05:42Z" finished-at="2014-06-06T02:05:42Z">
          <reporter-output>
          </reporter-output>
        </test-method> <!-- afterMetod -->
        <test-method status="PASS" signature="afterClass()[pri:0, instance:com.mac.millan.TestNGAnnoPractice@19cdbc83]" name="afterClass" is-config="true" duration-ms="0" started-at="2014-06-06T02:05:42Z" finished-at="2014-06-06T02:05:42Z">
          <reporter-output>
          </reporter-output>
        </test-method> <!-- afterClass -->
      </class> <!-- com.mac.millan.TestNGAnnoPractice -->
    </test> <!-- Command line test -->
  </suite> <!-- com.mac.millan.TestNGAnnoPractice -->
</testng-results>
