<?xml version="1.0" encoding="UTF-8"?>
<testng-results skipped="0" failed="0" total="3" passed="3">
  <reporter-output>
  </reporter-output>
  <suite name="Default suite" duration-ms="95" started-at="2014-06-06T06:04:55Z" finished-at="2014-06-06T06:04:55Z">
    <groups>
    </groups>
    <test name="Default test" duration-ms="95" started-at="2014-06-06T06:04:55Z" finished-at="2014-06-06T06:04:55Z">
      <class name="com.mac.millan.TestNGAnnoPractice">
        <test-method status="PASS" signature="beforeClass()[pri:0, instance:com.mac.millan.TestNGAnnoPractice@56911387]" name="beforeClass" is-config="true" duration-ms="75" started-at="2014-06-06T02:04:55Z" finished-at="2014-06-06T02:04:55Z">
          <reporter-output>
          </reporter-output>
        </test-method> <!-- beforeClass -->
        <test-method status="PASS" signature="test1()[pri:0, instance:com.mac.millan.TestNGAnnoPractice@56911387]" name="test1" duration-ms="4" started-at="2014-06-06T02:04:55Z" finished-at="2014-06-06T02:04:55Z">
          <reporter-output>
          </reporter-output>
        </test-method> <!-- test1 -->
        <test-method status="PASS" signature="afterMetod()[pri:0, instance:com.mac.millan.TestNGAnnoPractice@56911387]" name="afterMetod" is-config="true" duration-ms="0" started-at="2014-06-06T02:04:55Z" finished-at="2014-06-06T02:04:55Z">
          <reporter-output>
          </reporter-output>
        </test-method> <!-- afterMetod -->
        <test-method status="PASS" signature="test2()[pri:0, instance:com.mac.millan.TestNGAnnoPractice@56911387]" name="test2" duration-ms="1" started-at="2014-06-06T02:04:55Z" depends-on-methods="com.mac.millan.TestNGAnnoPractice.test1" finished-at="2014-06-06T02:04:55Z">
          <reporter-output>
          </reporter-output>
        </test-method> <!-- test2 -->
        <test-method status="PASS" signature="afterMetod()[pri:0, instance:com.mac.millan.TestNGAnnoPractice@56911387]" name="afterMetod" is-config="true" duration-ms="1" started-at="2014-06-06T02:04:55Z" finished-at="2014-06-06T02:04:55Z">
          <reporter-output>
          </reporter-output>
        </test-method> <!-- afterMetod -->
        <test-method status="PASS" signature="test3()[pri:0, instance:com.mac.millan.TestNGAnnoPractice@56911387]" name="test3" duration-ms="1" started-at="2014-06-06T02:04:55Z" depends-on-methods="com.mac.millan.TestNGAnnoPractice.test2" finished-at="2014-06-06T02:04:55Z">
          <reporter-output>
          </reporter-output>
        </test-method> <!-- test3 -->
        <test-method status="PASS" signature="afterClass()[pri:0, instance:com.mac.millan.TestNGAnnoPractice@56911387]" name="afterClass" is-config="true" duration-ms="0" started-at="2014-06-06T02:04:55Z" finished-at="2014-06-06T02:04:55Z">
          <reporter-output>
          </reporter-output>
        </test-method> <!-- afterClass -->
        <test-method status="PASS" signature="afterMetod()[pri:0, instance:com.mac.millan.TestNGAnnoPractice@56911387]" name="afterMetod" is-config="true" duration-ms="0" started-at="2014-06-06T02:04:55Z" finished-at="2014-06-06T02:04:55Z">
          <reporter-output>
          </reporter-output>
        </test-method> <!-- afterMetod -->
      </class> <!-- com.mac.millan.TestNGAnnoPractice -->
    </test> <!-- Default test -->
  </suite> <!-- Default suite -->
</testng-results>
